The total number of Twitter in each area.
C2: 145096 posts, 
B2: 79633 posts, 
C3: 53299 posts, 
B3: 26550 posts, 
C4: 19699 posts, 
B1: 16507 posts, 
D4: 14497 posts, 
D3: 13388 posts, 
C1: 8427 posts, 
B4: 5450 posts, 
A3: 5036 posts, 
A2: 4165 posts, 
C5: 4106 posts, 
D5: 3248 posts, 
A1: 2533 posts, 
A4: 310 posts

Top 5 hashtags in each area.
C2: ((#melbourne,9764),(#australia,1498),(#job,1388),(#jobs,964),(#job:,501))
B2: ((#melbourne,813),(#australia,153),(#auspol,130),(#brunswick,93),(#fitzroy,85))
C3: ((#melbourne,465),(#australia,140),(#coffee,100),(#oneorigin_specialtycoffee,71),(#food,67))
B3: ((#melbourne,159),(#australia,60),(#fitness,53),(#pocus,50),(#fashion,41))
C4: ((#alishas1million,96),(#melbourne,80),(#auspol,49),(#kca,43),(#savedallas,42))
B1: ((#melbourne,170),(#,73),(#kca,69),(#australia,56),(#bds,49))
D4: ((#nowplaying,1730),(#melbourne,28),(#dandenong.,27),(#job,26),(#jobs,22))
D3: ((#melbourne,76),(#beach,56),(#summer,26),(#australia,23),(#followmenash,21))
C1: ((#melbourne,50),(#lifeofnash,43),(#3daysforexpelledmovie,40),(#askbeau\ntweet,33),(#lfc,31))
B4: ((#melbourne,32),(#smallzywelcomeshome5sos,26),(#fire,19),(#vicfires,19),(#socialmedia,18),(#warrandyte,14))
A3: ((#vicfires,19),(#saveconstantine,12),(#epping.,11),(#southmorang.,7),(#love,7),(#raw,7),(#mvfc,7),(#socceroos,6))
A2: ((#krazykristmas,165),(#egsholidaygiveaway,57),(#rcl1milliongiveaway,53),(#vdaywithbeth,37),(#craigieburn.,31))
C5: ((#melbourne,53),(#australia,17),(#dandenongs,13),(#1000steps,11),(#spring,10))
D5: ((#cat,,25),(#somebodytocon,23),(#melbourne,22),(#lost,20),(#voteukvampettes,18))
A1: ((#tattoo,11),(#melbourne,11),(#worldjudo2014,9),(#vobis,8),(#drawing,8),(#judo,8),(#design,8),(#bigbrother,6),(#bbau,6),(#tattoolife,6),(#tattooist,5))
A4: ((#lnp,4),(#vicfires,3),(#qldvotes,3),(#mytribe,2),(#joy,2),(#community,2),(#laughterclass,2),(#market,2),(#birthday,2),(#igersmelbourne,1),(#fromwhereiride,1),(#libspill,1),(#🚴🏻💥,1),(#commgames,1),(#goingdownswinging,1),(#labiam,1),(#banter💯,1),(#steamtrain,1),(#labour,1),(#standrews,1),(#jaffles.,1),(#paddocktoplate,1),(#fast,1),(#getaway,1),(#hawthorn,1),(#labfun,1),(#jan1st,1),(#,1),(#whitenightmelb,1),(#win!,1),(#herbalife,1),(#inclusion…,1),(#igersdaily,1),(#high,1),(#igers,1),(#good,1),(#winter,1),(#inclusion,1),(#operation,1),(#acceptance…,1),(#labwet,1),(#incident,,1),(#bachiewood,1),(#victoria…,1),(#comon,1),(#socceroos,watch,1),(#hurstbridge,1),(#screecher,1),(#australianbush,1),(#ausopen?,1),(#lovinglifeinaus…,1),(#do,1),(#happiness,1),(#nature,1),(#win,1),(#auspol,1),(#lnp,,1),(#labswim,1),(#beautyeverywhere…,1),(#wellspent,1),(#loseweight,1),(#diversity,1),(#earlyaf,1),(#speedy,1),(#ilovewinter,1),(#classof2014,1),(#australia,1),(#buskin,1),(#qldelection?,1),(#intensity,1),(#healing,1),(#vsco,1),(#vicvotes,1),(#rainyevening,1),(#smashit,1),(#icebucketchallenge,1),(#always,1),(#fisher.,1),(#vce,1),(#melbourne,1),(#cycling,1),(#kriskringle,1),(#sbs가요대전,1),(#craftbeer.,1),(#guitar,1),(#fringies,1),(#ball,1))

real	2m11.356s
user	17m9.688s
sys	0m17.667s
