The total number of Twitter in each area.
C2: 145170 posts, 
B2: 79638 posts, 
C3: 53378 posts, 
B3: 26637 posts, 
C4: 19709 posts, 
B1: 16507 posts, 
D4: 14497 posts, 
D3: 13394 posts, 
C1: 8427 posts, 
B4: 5466 posts, 
A3: 5054 posts, 
A2: 4165 posts, 
C5: 4109 posts, 
D5: 3262 posts, 
A1: 2533 posts, 
A4: 310 posts

Top 5 hashtags in each area.
C2: ((#melbourne,9768),(#australia,1498),(#job,1388),(#jobs,964),(#job:,501))
B2: ((#melbourne,813),(#australia,153),(#auspol,130),(#brunswick,93),(#fitzroy,85))
C3: ((#melbourne,476),(#australia,144),(#coffee,100),(#oneorigin_specialtycoffee,71),(#food,67))
B3: ((#melbourne,165),(#australia,61),(#fitness,53),(#pocus,50),(#fashion,41))
C4: ((#alishas1million,96),(#melbourne,80),(#auspol,49),(#kca,43),(#savedallas,42))
B1: ((#melbourne,170),(#,73),(#kca,69),(#australia,56),(#bds,49))
D4: ((#nowplaying,1730),(#melbourne,28),(#dandenong.,27),(#job,26),(#jobs,22))
D3: ((#melbourne,76),(#beach,56),(#summer,26),(#australia,23),(#followmenash,21))
C1: ((#melbourne,50),(#lifeofnash,43),(#3daysforexpelledmovie,40),(#askbeau\ntweet,33),(#lfc,31))
B4: ((#melbourne,33),(#smallzywelcomeshome5sos,26),(#fire,19),(#vicfires,19),(#socialmedia,18),(#warrandyte,14))
A3: ((#vicfires,19),(#saveconstantine,12),(#epping.,11),(#melbourne,8),(#southmorang.,7))
A2: ((#krazykristmas,165),(#egsholidaygiveaway,57),(#rcl1milliongiveaway,53),(#vdaywithbeth,37),(#craigieburn.,31))
C5: ((#melbourne,53),(#australia,17),(#dandenongs,13),(#1000steps,11),(#spring,10))
D5: ((#cat,,25),(#somebodytocon,23),(#melbourne,22),(#lost,20),(#voteukvampettes,18))
A1: ((#tattoo,11),(#melbourne,11),(#worldjudo2014,9),(#judo,8),(#design,8),(#vobis,8),(#drawing,8),(#bigbrother,6),(#bbau,6),(#tattoolife,6),(#life,5))
A4: ((#lnp,4),(#vicfires,3),(#qldvotes,3),(#birthday,2),(#laughterclass,2),(#mytribe,2),(#community,2),(#market,2),(#joy,2),(#hurstbridge,1),(#labiam,1),(#nature,1),(#labwet,1),(#fringies,1),(#jaffles.,1),(#screecher,1),(#beautyeverywhere…,1),(#steamtrain,1),(#labfun,1),(#good,1),(#goingdownswinging,1),(#buskin,1),(#diversity,1),(#icebucketchallenge,1),(#vicvotes,1),(#incident,,1),(#socceroos,watch,1),(#jan1st,1),(#winter,1),(#bachiewood,1),(#win,1),(#commgames,1),(#igersdaily,1),(#healing,1),(#whitenightmelb,1),(#auspol,1),(#lnp,,1),(#happiness,1),(#always,1),(#melbourne,1),(#igersmelbourne,1),(#qldelection?,1),(#kriskringle,1),(#wellspent,1),(#inclusion,1),(#high,1),(#fromwhereiride,1),(#fisher.,1),(#earlyaf,1),(#classof2014,1),(#speedy,1),(#ball,1),(#hawthorn,1),(#victoria…,1),(#ilovewinter,1),(#ausopen?,1),(#vsco,1),(#labour,1),(#lovinglifeinaus…,1),(#australia,1),(#inclusion…,1),(#craftbeer.,1),(#smashit,1),(#acceptance…,1),(#,1),(#operation,1),(#getaway,1),(#banter💯,1),(#australianbush,1),(#rainyevening,1),(#vce,1),(#paddocktoplate,1),(#igers,1),(#libspill,1),(#sbs가요대전,1),(#standrews,1),(#fast,1),(#comon,1),(#guitar,1),(#win!,1),(#intensity,1),(#herbalife,1),(#loseweight,1),(#🚴🏻💥,1),(#labswim,1),(#do,1),(#cycling,1))

real	5m42.685s
user	5m28.387s
sys	0m12.025s
